<?xml version="1.0" encoding="UTF-8"?>
<!-- Generated by org.testng.reporters.JUnitReportReporter -->
<testsuite hostname="LAPTOP-J3BGDN68" failures="0" tests="1" name="Com.Assignment2.Test1" time="1.214" errors="0" timestamp="2022-09-03T21:13:22 IST" skipped="0">
  <testcase classname="Com.Assignment2.Test1" name="GooglesearchTest" time="1.214"/>
  <system-out/>
</testsuite> <!-- Com.Assignment2.Test1 -->
